{"level":"info","message":"Server is running on port 5000","timestamp":"2024-06-12T09:20:08.208Z"}
{"level":"info","message":"User connected: vxhmWCCSdeP4A9F3AAAC","timestamp":"2024-06-12T09:20:09.457Z"}
{"level":"info","message":"User connected: IhO7rrR5tlmHMVLGAAAE","timestamp":"2024-06-12T09:20:09.472Z"}
{"level":"info","message":"User connected: 2U4k-Iuso5OKk7MGAAAF","timestamp":"2024-06-12T09:20:09.483Z"}
{"level":"info","message":"Server is running on port 5000","timestamp":"2024-06-12T09:21:42.034Z"}
{"level":"info","message":"User connected: VRvMhXgwQIw2wAHRAAAB","timestamp":"2024-06-12T09:21:42.212Z"}
{"level":"info","message":"User connected: jrmH5Ycl23VPLHKFAAAE","timestamp":"2024-06-12T09:21:45.440Z"}
{"level":"info","message":"User connected: ikboLtvQnm4V4jKGAAAF","timestamp":"2024-06-12T09:21:45.448Z"}
{"level":"info","message":"Server is running on port 5000","timestamp":"2024-06-12T09:21:46.896Z"}
{"level":"info","message":"User connected: CgMrWOtbZqUT-TLyAAAB","timestamp":"2024-06-12T09:21:47.049Z"}
{"level":"info","message":"User connected: 1THEr6QRBHo3GIr6AAAD","timestamp":"2024-06-12T09:21:47.452Z"}
{"level":"info","message":"Server is running on port 5000","timestamp":"2024-06-12T09:21:49.798Z"}
{"level":"info","message":"User connected: HZENBsyRlfdNlwDMAAAC","timestamp":"2024-06-12T09:21:49.973Z"}
{"level":"info","message":"User connected: dZREjoVFA_xm7ZNpAAAE","timestamp":"2024-06-12T09:21:49.988Z"}
{"level":"info","message":"User connected: 7OPyTGlAuiks7Q0OAAAF","timestamp":"2024-06-12T09:21:50.005Z"}
{"level":"info","message":"Server is running on port 5000","timestamp":"2024-06-12T09:21:53.240Z"}
{"level":"info","message":"User connected: gZQ-VqQVifb4CH59AAAD","timestamp":"2024-06-12T09:21:53.471Z"}
{"level":"info","message":"User connected: VV8_iVjSIPgLtfYSAAAE","timestamp":"2024-06-12T09:21:53.485Z"}
{"level":"info","message":"User connected: J8s7AMda6EyqD5lBAAAF","timestamp":"2024-06-12T09:21:53.492Z"}
{"level":"info","message":"Server is running on port 5000","timestamp":"2024-06-12T09:21:56.310Z"}
{"level":"info","message":"User connected: hW1GM3GX1N1Cjqg8AAAC","timestamp":"2024-06-12T09:21:56.458Z"}
{"level":"info","message":"User connected: JZ0dMrMMNlqO2C2wAAAE","timestamp":"2024-06-12T09:21:56.475Z"}
{"level":"info","message":"User connected: -_VETU81Sy9aDjwDAAAF","timestamp":"2024-06-12T09:21:56.487Z"}
{"level":"info","message":"Server is running on port 5000","timestamp":"2024-06-12T09:22:16.851Z"}
{"level":"info","message":"User connected: 3duEgZRv82ehCwzNAAAB","timestamp":"2024-06-12T09:22:16.974Z"}
{"level":"info","message":"User connected: dOORITUXgltZVFQKAAAE","timestamp":"2024-06-12T09:22:17.451Z"}
{"level":"info","message":"User connected: WXojgELsLQdIK1SiAAAF","timestamp":"2024-06-12T09:22:17.458Z"}
{"level":"info","message":"Server is running on port 5000","timestamp":"2024-06-12T09:22:25.690Z"}
{"level":"info","message":"User connected: E3QbbJnUuXhjzrbbAAAC","timestamp":"2024-06-12T09:22:25.739Z"}
{"level":"info","message":"User connected: e56HrOmrBJz-mDa6AAAD","timestamp":"2024-06-12T09:22:25.753Z"}
{"level":"info","message":"User connected: yGoFJ2CT-Ze7v-vMAAAF","timestamp":"2024-06-12T09:22:26.442Z"}
{"level":"info","message":"Server is running on port 5000","timestamp":"2024-06-12T09:22:31.047Z"}
{"level":"info","message":"User connected: pVF1AWwW_p6DVtAlAAAD","timestamp":"2024-06-12T09:22:31.230Z"}
{"level":"info","message":"User connected: vevRfiLau9npQDTbAAAE","timestamp":"2024-06-12T09:22:31.234Z"}
{"level":"info","message":"User connected: 88XDfX2Kdk6TjJEYAAAF","timestamp":"2024-06-12T09:22:31.237Z"}
{"level":"info","message":"Server is running on port 5000","timestamp":"2024-06-12T09:22:34.253Z"}
{"level":"info","message":"User connected: AocfujMfaslUO4TFAAAC","timestamp":"2024-06-12T09:22:34.453Z"}
{"level":"info","message":"User connected: n0rzn2jYpMNKQwrEAAAE","timestamp":"2024-06-12T09:22:34.467Z"}
{"level":"info","message":"User connected: lUnM7iOIpZJreDf5AAAF","timestamp":"2024-06-12T09:22:34.478Z"}
{"level":"info","message":"User disconnected","timestamp":"2024-06-12T09:22:55.560Z"}
{"level":"info","message":"User connected: LFa6e0ctWZNDXEHuAAAH","timestamp":"2024-06-12T09:22:56.196Z"}
{"level":"info","message":"User with ID: LFa6e0ctWZNDXEHuAAAH joined room: CR7","timestamp":"2024-06-12T09:22:56.204Z"}
{"level":"info","message":"Server is running on port 5000","timestamp":"2024-06-12T09:31:01.638Z"}
{"level":"info","message":"User connected: RWmfHYqqq2HRSqcPAAAD","timestamp":"2024-06-12T09:31:01.731Z"}
{"level":"info","message":"User connected: fSX60tSOCPpAHA6WAAAE","timestamp":"2024-06-12T09:31:01.735Z"}
{"level":"info","message":"User connected: 7Th_gHa8hcwnSwiEAAAF","timestamp":"2024-06-12T09:31:01.743Z"}
{"level":"info","message":"Server is running on port 5000","timestamp":"2024-06-12T09:31:06.545Z"}
{"level":"info","message":"User connected: dQhZDsLc-7vrdOzeAAAC","timestamp":"2024-06-12T09:31:06.721Z"}
{"level":"info","message":"User connected: zmc66LI1lGTd55HDAAAD","timestamp":"2024-06-12T09:31:06.733Z"}
{"level":"info","message":"User connected: cw3FakVxu3jpXcOxAAAF","timestamp":"2024-06-12T09:31:07.434Z"}
{"level":"info","message":"User connected: ZPlecYiUHzDSrYiRAAAH","timestamp":"2024-06-12T09:31:46.839Z"}
{"level":"info","message":"User connected: 8Fosx1koIgx5-1FIAAAJ","timestamp":"2024-06-12T09:31:46.852Z"}
{"level":"info","message":"User with ID: ZPlecYiUHzDSrYiRAAAH joined room: CR7","timestamp":"2024-06-12T09:31:46.858Z"}
{"level":"info","message":"User with ID: 8Fosx1koIgx5-1FIAAAJ joined room: CR7","timestamp":"2024-06-12T09:31:46.878Z"}
{"level":"info","message":"User connected: QouCcXvid1FpYeA5AAAL","timestamp":"2024-06-12T09:31:46.899Z"}
{"level":"info","message":"User with ID: QouCcXvid1FpYeA5AAAL joined room: Room1","timestamp":"2024-06-12T09:31:46.908Z"}
{"level":"info","message":"User disconnected","timestamp":"2024-06-12T09:32:07.338Z"}
{"level":"info","message":"User disconnected","timestamp":"2024-06-12T09:32:07.342Z"}
{"level":"info","message":"User disconnected","timestamp":"2024-06-12T09:32:10.169Z"}
{"level":"info","message":"User disconnected","timestamp":"2024-06-12T09:32:10.172Z"}
{"level":"info","message":"User disconnected","timestamp":"2024-06-12T09:32:11.379Z"}
{"level":"info","message":"User disconnected","timestamp":"2024-06-12T09:32:11.383Z"}
{"level":"info","message":"User connected: dgkKCcFNB9Ey65h2AAAN","timestamp":"2024-06-12T09:32:34.794Z"}
{"level":"info","message":"User with ID: dgkKCcFNB9Ey65h2AAAN joined room: Game","timestamp":"2024-06-12T09:32:34.804Z"}
{"level":"info","message":"User connected: kx9ZzTeJYR6OnsGfAAAP","timestamp":"2024-06-12T09:32:58.416Z"}
{"level":"info","message":"User with ID: kx9ZzTeJYR6OnsGfAAAP joined room: Game","timestamp":"2024-06-12T09:32:58.430Z"}
{"level":"info","message":"User disconnected","timestamp":"2024-06-12T09:34:39.552Z"}
{"level":"info","message":"User connected: A7aM6H79ySe7I4UvAAAR","timestamp":"2024-06-12T09:34:39.563Z"}
{"level":"info","message":"User disconnected","timestamp":"2024-06-12T09:34:39.569Z"}
{"level":"info","message":"User with ID: A7aM6H79ySe7I4UvAAAR joined room: Game","timestamp":"2024-06-12T09:34:39.573Z"}
{"level":"info","message":"User connected: DNHRTps3N_z6z5DrAAAT","timestamp":"2024-06-12T09:34:39.586Z"}
{"level":"info","message":"User with ID: DNHRTps3N_z6z5DrAAAT joined room: Game","timestamp":"2024-06-12T09:34:39.595Z"}
{"level":"info","message":"User disconnected","timestamp":"2024-06-12T09:35:17.882Z"}
{"level":"info","message":"User disconnected","timestamp":"2024-06-12T09:35:17.885Z"}
{"level":"info","message":"User connected: tlH-R2HhUGC1kaYkAAAW","timestamp":"2024-06-12T09:35:32.147Z"}
{"level":"info","message":"User connected: VF26QqT9TzBmuAi8AAAX","timestamp":"2024-06-12T09:35:32.148Z"}
{"level":"info","message":"User disconnected","timestamp":"2024-06-12T09:35:38.694Z"}
{"level":"info","message":"User disconnected","timestamp":"2024-06-12T09:35:38.698Z"}
{"level":"info","message":"User connected: f6xeutV8qosIZ2heAAAa","timestamp":"2024-06-12T09:44:35.471Z"}
{"level":"info","message":"User connected: ZeCgJSPO5IDtd9feAAAb","timestamp":"2024-06-12T09:44:35.473Z"}
{"level":"info","message":"User disconnected","timestamp":"2024-06-12T09:45:18.466Z"}
{"level":"info","message":"User connected: qhoug8sRpu7Lii-LAAAd","timestamp":"2024-06-12T09:45:18.776Z"}
{"level":"info","message":"User with ID: qhoug8sRpu7Lii-LAAAd joined room: Game","timestamp":"2024-06-12T09:45:18.781Z"}
{"level":"info","message":"User disconnected","timestamp":"2024-06-12T09:45:31.791Z"}
{"level":"info","message":"User connected: eqjEvEURB7hR1w9lAAAf","timestamp":"2024-06-12T09:45:32.109Z"}
{"level":"info","message":"User with ID: eqjEvEURB7hR1w9lAAAf joined room: Game","timestamp":"2024-06-12T09:45:32.114Z"}
{"level":"info","message":"User disconnected","timestamp":"2024-06-12T09:45:39.208Z"}
{"level":"info","message":"User disconnected","timestamp":"2024-06-12T09:45:44.795Z"}
{"level":"info","message":"User connected: etFCdV2wQU48CoMlAAAh","timestamp":"2024-06-12T09:45:56.907Z"}
{"level":"info","message":"User with ID: etFCdV2wQU48CoMlAAAh joined room: 1","timestamp":"2024-06-12T09:45:56.911Z"}
{"level":"info","message":"User connected: Hr50L9HdpzsaztItAAAj","timestamp":"2024-06-12T09:46:05.982Z"}
{"level":"info","message":"User with ID: Hr50L9HdpzsaztItAAAj joined room: 1","timestamp":"2024-06-12T09:46:05.999Z"}
{"level":"info","message":"User disconnected","timestamp":"2024-06-12T09:47:10.519Z"}
{"level":"info","message":"User connected: V7gWRKtqtwlRPBB1AAAl","timestamp":"2024-06-12T09:47:10.533Z"}
{"level":"info","message":"User with ID: V7gWRKtqtwlRPBB1AAAl joined room: 1","timestamp":"2024-06-12T09:47:10.544Z"}
{"level":"info","message":"User disconnected","timestamp":"2024-06-12T09:47:10.551Z"}
{"level":"info","message":"User connected: uvcv8h1UuNLhi-YYAAAn","timestamp":"2024-06-12T09:47:10.562Z"}
{"level":"info","message":"User with ID: uvcv8h1UuNLhi-YYAAAn joined room: 1","timestamp":"2024-06-12T09:47:10.574Z"}
{"level":"info","message":"User disconnected","timestamp":"2024-06-12T09:50:03.582Z"}
{"level":"info","message":"User connected: _9wKMJTAphbzbj4LAAAp","timestamp":"2024-06-12T09:50:03.593Z"}
{"level":"info","message":"User with ID: _9wKMJTAphbzbj4LAAAp joined room: 1","timestamp":"2024-06-12T09:50:03.602Z"}
{"level":"info","message":"User disconnected","timestamp":"2024-06-12T09:50:03.608Z"}
{"level":"info","message":"User connected: ypgw9TABbzbyg_jyAAAr","timestamp":"2024-06-12T09:50:03.613Z"}
{"level":"info","message":"User with ID: ypgw9TABbzbyg_jyAAAr joined room: 1","timestamp":"2024-06-12T09:50:03.622Z"}
{"level":"info","message":"User disconnected","timestamp":"2024-06-12T09:58:09.599Z"}
{"level":"info","message":"User disconnected","timestamp":"2024-06-12T09:58:09.622Z"}
{"level":"info","message":"User connected: kSaxhD4DubWvYqpoAAAt","timestamp":"2024-06-12T10:02:06.324Z"}
{"level":"info","message":"User with ID: kSaxhD4DubWvYqpoAAAt joined room: 1","timestamp":"2024-06-12T10:02:06.333Z"}
{"level":"info","message":"User connected: JQKQEurZ0EAdqgehAAAv","timestamp":"2024-06-12T10:02:08.776Z"}
{"level":"info","message":"User with ID: JQKQEurZ0EAdqgehAAAv joined room: 1","timestamp":"2024-06-12T10:02:08.785Z"}
{"level":"info","message":"User disconnected","timestamp":"2024-06-12T10:05:16.380Z"}
{"level":"info","message":"User connected: hDg2qKvaGhD0GheJAAAx","timestamp":"2024-06-12T10:05:16.387Z"}
{"level":"info","message":"User disconnected","timestamp":"2024-06-12T10:05:16.389Z"}
{"level":"info","message":"User with ID: hDg2qKvaGhD0GheJAAAx joined room: 1","timestamp":"2024-06-12T10:05:16.393Z"}
{"level":"info","message":"User connected: hpFqpdEDc6jcQS0oAAAz","timestamp":"2024-06-12T10:05:16.397Z"}
{"level":"info","message":"User with ID: hpFqpdEDc6jcQS0oAAAz joined room: 1","timestamp":"2024-06-12T10:05:16.404Z"}
{"level":"info","message":"User disconnected","timestamp":"2024-06-12T10:06:52.837Z"}
{"level":"info","message":"User connected: ydJCaW0UwHhhsZ7iAAA1","timestamp":"2024-06-12T10:06:52.843Z"}
{"level":"info","message":"User disconnected","timestamp":"2024-06-12T10:06:52.846Z"}
{"level":"info","message":"User with ID: ydJCaW0UwHhhsZ7iAAA1 joined room: 1","timestamp":"2024-06-12T10:06:52.849Z"}
{"level":"info","message":"User connected: x2ekWDfzo9LL-FJNAAA3","timestamp":"2024-06-12T10:06:52.855Z"}
{"level":"info","message":"User with ID: x2ekWDfzo9LL-FJNAAA3 joined room: 1","timestamp":"2024-06-12T10:06:52.863Z"}
{"level":"info","message":"User disconnected","timestamp":"2024-06-12T10:07:40.158Z"}
{"level":"info","message":"User disconnected","timestamp":"2024-06-12T10:07:40.160Z"}
{"level":"info","message":"User connected: -47Xn_Nrt7UQ_PSpAAA6","timestamp":"2024-06-12T10:07:40.168Z"}
{"level":"info","message":"User connected: tvwRVDh77NUPjhp9AAA7","timestamp":"2024-06-12T10:07:40.172Z"}
{"level":"info","message":"User with ID: -47Xn_Nrt7UQ_PSpAAA6 joined room: 1","timestamp":"2024-06-12T10:07:40.177Z"}
{"level":"info","message":"User with ID: tvwRVDh77NUPjhp9AAA7 joined room: 1","timestamp":"2024-06-12T10:07:40.182Z"}
{"level":"info","message":"User disconnected","timestamp":"2024-06-12T10:07:51.110Z"}
{"level":"info","message":"User connected: l3pMJhEVJfGmzOjqAAA9","timestamp":"2024-06-12T10:07:51.115Z"}
{"level":"info","message":"User with ID: l3pMJhEVJfGmzOjqAAA9 joined room: 1","timestamp":"2024-06-12T10:07:51.123Z"}
{"level":"info","message":"User disconnected","timestamp":"2024-06-12T10:07:51.131Z"}
{"level":"info","message":"User connected: EjZYjrfEjss_G2y3AAA_","timestamp":"2024-06-12T10:07:51.141Z"}
{"level":"info","message":"User with ID: EjZYjrfEjss_G2y3AAA_ joined room: 1","timestamp":"2024-06-12T10:07:51.147Z"}
{"level":"info","message":"User disconnected","timestamp":"2024-06-12T10:07:53.389Z"}
{"level":"info","message":"User connected: eeMEPYesLy5Gmd_XAABB","timestamp":"2024-06-12T10:07:53.396Z"}
{"level":"info","message":"User with ID: eeMEPYesLy5Gmd_XAABB joined room: 1","timestamp":"2024-06-12T10:07:53.404Z"}
{"level":"info","message":"User disconnected","timestamp":"2024-06-12T10:07:53.410Z"}
{"level":"info","message":"User connected: ipZTe55pjciUm3R8AABD","timestamp":"2024-06-12T10:07:53.415Z"}
{"level":"info","message":"User with ID: ipZTe55pjciUm3R8AABD joined room: 1","timestamp":"2024-06-12T10:07:53.423Z"}
{"level":"info","message":"User disconnected","timestamp":"2024-06-12T10:11:06.059Z"}
{"level":"info","message":"User connected: wYqmS_x-jsVT2GUwAABF","timestamp":"2024-06-12T10:11:06.066Z"}
{"level":"info","message":"User with ID: wYqmS_x-jsVT2GUwAABF joined room: 1","timestamp":"2024-06-12T10:11:06.072Z"}
{"level":"info","message":"User disconnected","timestamp":"2024-06-12T10:11:06.080Z"}
{"level":"info","message":"User connected: AmA7fMefjzYdlOY6AABH","timestamp":"2024-06-12T10:11:06.086Z"}
{"level":"info","message":"User with ID: AmA7fMefjzYdlOY6AABH joined room: 1","timestamp":"2024-06-12T10:11:06.092Z"}
{"level":"info","message":"User disconnected","timestamp":"2024-06-12T10:11:11.487Z"}
{"level":"info","message":"User connected: 9bvcMszHTB30E1CIAABJ","timestamp":"2024-06-12T10:11:11.790Z"}
{"level":"info","message":"User with ID: 9bvcMszHTB30E1CIAABJ joined room: 1","timestamp":"2024-06-12T10:11:11.795Z"}
{"level":"info","message":"User disconnected","timestamp":"2024-06-12T10:11:12.548Z"}
{"level":"info","message":"User connected: c1XkVcgM2Y954gejAABL","timestamp":"2024-06-12T10:11:12.786Z"}
{"level":"info","message":"User with ID: c1XkVcgM2Y954gejAABL joined room: 1","timestamp":"2024-06-12T10:11:12.791Z"}
{"level":"info","message":"User disconnected","timestamp":"2024-06-12T10:11:23.983Z"}
{"level":"info","message":"User connected: 4jDj9u5ZvefjwxMMAABN","timestamp":"2024-06-12T10:11:23.989Z"}
{"level":"info","message":"User with ID: 4jDj9u5ZvefjwxMMAABN joined room: 1","timestamp":"2024-06-12T10:11:23.993Z"}
{"level":"info","message":"User disconnected","timestamp":"2024-06-12T10:11:24.001Z"}
{"level":"info","message":"User connected: Ft-AYBnj_z4eP9L3AABP","timestamp":"2024-06-12T10:11:24.009Z"}
{"level":"info","message":"User with ID: Ft-AYBnj_z4eP9L3AABP joined room: 1","timestamp":"2024-06-12T10:11:24.015Z"}
{"level":"info","message":"User disconnected","timestamp":"2024-06-12T10:13:59.264Z"}
{"level":"info","message":"User connected: DXdHH-0O59sjAph8AABR","timestamp":"2024-06-12T10:13:59.458Z"}
{"level":"info","message":"User with ID: DXdHH-0O59sjAph8AABR joined room: 1","timestamp":"2024-06-12T10:13:59.463Z"}
{"level":"info","message":"User disconnected","timestamp":"2024-06-12T10:14:50.304Z"}
{"level":"info","message":"User connected: nsmxXqfpR_vHCjKWAABT","timestamp":"2024-06-12T10:15:10.341Z"}
{"level":"info","message":"User with ID: nsmxXqfpR_vHCjKWAABT joined room: 1","timestamp":"2024-06-12T10:15:10.344Z"}
{"level":"info","message":"User disconnected","timestamp":"2024-06-12T10:15:14.616Z"}
{"level":"info","message":"User connected: T__Mo4INGE6Wck4AAABV","timestamp":"2024-06-12T10:15:24.293Z"}
{"level":"info","message":"User with ID: T__Mo4INGE6Wck4AAABV joined room: 2","timestamp":"2024-06-12T10:15:24.297Z"}
{"level":"info","message":"User connected: smSii1qaDb28abjPAABX","timestamp":"2024-06-12T10:15:34.801Z"}
{"level":"info","message":"User with ID: smSii1qaDb28abjPAABX joined room: 2","timestamp":"2024-06-12T10:15:34.806Z"}
{"level":"info","message":"User disconnected","timestamp":"2024-06-12T10:24:54.934Z"}
{"level":"info","message":"User disconnected","timestamp":"2024-06-12T10:24:54.978Z"}
{"level":"info","message":"User connected: fOm7o3LAMrfqfYvKAABa","timestamp":"2024-06-12T10:24:55.006Z"}
{"level":"info","message":"User connected: LRPPIMZIy-GCOxpjAABb","timestamp":"2024-06-12T10:24:55.011Z"}
{"level":"info","message":"User with ID: LRPPIMZIy-GCOxpjAABb joined room: 2","timestamp":"2024-06-12T10:24:55.021Z"}
{"level":"info","message":"User with ID: fOm7o3LAMrfqfYvKAABa joined room: 1","timestamp":"2024-06-12T10:24:55.045Z"}
{"level":"info","message":"User disconnected","timestamp":"2024-06-12T10:24:55.107Z"}
{"level":"info","message":"User connected: qd_pdgQ6P-AXGQ66AABd","timestamp":"2024-06-12T10:24:55.126Z"}
{"level":"info","message":"User with ID: qd_pdgQ6P-AXGQ66AABd joined room: 2","timestamp":"2024-06-12T10:24:55.134Z"}
{"level":"info","message":"User disconnected","timestamp":"2024-06-12T10:25:37.974Z"}
{"level":"info","message":"User connected: bDyve9oLKG-uq1cAAABf","timestamp":"2024-06-12T10:25:38.295Z"}
{"level":"info","message":"User with ID: bDyve9oLKG-uq1cAAABf joined room: 2","timestamp":"2024-06-12T10:25:38.300Z"}
{"level":"info","message":"Server is running on port 5000","timestamp":"2024-06-12T10:31:02.535Z"}
{"level":"info","message":"User connected: Vnojeg9vEmbkX3fXAAAC","timestamp":"2024-06-12T10:31:02.580Z"}
{"level":"info","message":"User connected: z30VE9tF_zwUpnnCAAAD","timestamp":"2024-06-12T10:31:02.584Z"}
{"level":"info","message":"User connected: ar8uQevZMx-8mO6BAAAF","timestamp":"2024-06-12T10:31:03.254Z"}
{"level":"info","message":"Server is running on port 5000","timestamp":"2024-06-12T10:31:13.800Z"}
{"level":"info","message":"User connected: WvxlMvRAQM7h1vmpAAAC","timestamp":"2024-06-12T10:31:14.265Z"}
{"level":"info","message":"User connected: _rX6fzFex8IuPBkIAAAD","timestamp":"2024-06-12T10:31:14.270Z"}
{"level":"info","message":"User connected: ju54A9HCk_eSmZ1yAAAF","timestamp":"2024-06-12T10:31:15.261Z"}
{"level":"info","message":"User disconnected","timestamp":"2024-06-12T10:31:30.560Z"}
{"level":"info","message":"User connected: sIPoZmydJCCql1wgAAAH","timestamp":"2024-06-12T10:31:30.567Z"}
{"level":"info","message":"User with ID: sIPoZmydJCCql1wgAAAH joined room: 1","timestamp":"2024-06-12T10:31:30.574Z"}
{"level":"info","message":"User disconnected","timestamp":"2024-06-12T10:31:30.584Z"}
{"level":"info","message":"User disconnected","timestamp":"2024-06-12T10:31:30.589Z"}
{"level":"info","message":"User connected: -uquasVb7y3brnkuAAAK","timestamp":"2024-06-12T10:31:30.594Z"}
{"level":"info","message":"User connected: zPwd79wCEgvtL38EAAAL","timestamp":"2024-06-12T10:31:30.599Z"}
{"level":"info","message":"User with ID: -uquasVb7y3brnkuAAAK joined room: 2","timestamp":"2024-06-12T10:31:30.604Z"}
{"level":"info","message":"User with ID: zPwd79wCEgvtL38EAAAL joined room: 2","timestamp":"2024-06-12T10:31:30.610Z"}
{"level":"info","message":"User disconnected","timestamp":"2024-06-12T10:31:36.525Z"}
{"level":"info","message":"User connected: ybUrap9MMv92yojVAAAN","timestamp":"2024-06-12T10:31:36.869Z"}
{"level":"info","message":"User with ID: ybUrap9MMv92yojVAAAN joined room: 2","timestamp":"2024-06-12T10:31:36.875Z"}
{"level":"info","message":"User disconnected","timestamp":"2024-06-12T10:40:53.085Z"}
{"level":"info","message":"User disconnected","timestamp":"2024-06-12T10:40:53.096Z"}
{"level":"info","message":"User disconnected","timestamp":"2024-06-12T10:40:53.103Z"}
{"level":"info","message":"User connected: vTOuI-PmiQDics34AAAQ","timestamp":"2024-06-12T10:40:53.124Z"}
{"level":"info","message":"User connected: gF6icArsycp-efcxAAAS","timestamp":"2024-06-12T10:40:53.134Z"}
{"level":"info","message":"User connected: jCc3emZf1UaDPnggAAAT","timestamp":"2024-06-12T10:40:53.137Z"}
{"level":"info","message":"User with ID: vTOuI-PmiQDics34AAAQ joined room: 2","timestamp":"2024-06-12T10:40:53.139Z"}
{"level":"info","message":"User with ID: gF6icArsycp-efcxAAAS joined room: 2","timestamp":"2024-06-12T10:40:53.152Z"}
{"level":"info","message":"User with ID: jCc3emZf1UaDPnggAAAT joined room: 1","timestamp":"2024-06-12T10:40:53.156Z"}
{"level":"info","message":"Server is running on port 5000","timestamp":"2024-06-12T10:41:48.233Z"}
{"level":"info","message":"User connected: OMEYvaMQLRRwJIOPAAAB","timestamp":"2024-06-12T10:41:48.268Z"}
{"level":"info","message":"User connected: Jr369pghu_CNIxaTAAAD","timestamp":"2024-06-12T10:41:48.689Z"}
{"level":"info","message":"User connected: TygiGssbMXwW-ExkAAAF","timestamp":"2024-06-12T10:41:49.257Z"}
{"level":"info","message":"User disconnected","timestamp":"2024-06-12T10:45:06.740Z"}
{"level":"info","message":"User connected: m6U7RH1aHy9AcqNeAAAH","timestamp":"2024-06-12T10:45:07.033Z"}
{"level":"info","message":"User disconnected","timestamp":"2024-06-12T10:45:16.495Z"}
{"level":"info","message":"User connected: e2NgqcsMmPwx6wZuAAAJ","timestamp":"2024-06-12T10:45:16.815Z"}
{"level":"info","message":"Server is running on port 5000","timestamp":"2024-06-12T10:46:13.191Z"}
{"level":"info","message":"User connected: ZJ_v9PdmOZX5euxVAAAB","timestamp":"2024-06-12T10:46:13.257Z"}
{"level":"info","message":"User connected: YzV0_bdfQWauequPAAAE","timestamp":"2024-06-12T10:46:14.250Z"}
{"level":"info","message":"User connected: Q5L9AJh-QA9o-9Z3AAAF","timestamp":"2024-06-12T10:46:14.252Z"}
{"level":"info","message":"User disconnected","timestamp":"2024-06-12T10:46:25.530Z"}
{"level":"info","message":"User connected: HARpmA_NxTa6JKvJAAAH","timestamp":"2024-06-12T10:46:25.775Z"}
{"level":"info","message":"User with ID: HARpmA_NxTa6JKvJAAAH joined room: 2","timestamp":"2024-06-12T10:46:25.780Z"}
{"level":"info","message":"User disconnected","timestamp":"2024-06-12T10:46:49.362Z"}
{"level":"info","message":"User connected: q2Of4YP7GsVv4wi-AAAJ","timestamp":"2024-06-12T10:46:49.553Z"}
{"level":"info","message":"User with ID: q2Of4YP7GsVv4wi-AAAJ joined room: 2","timestamp":"2024-06-12T10:46:49.558Z"}
{"level":"info","message":"User disconnected","timestamp":"2024-06-12T10:46:51.362Z"}
{"level":"info","message":"User connected: UP_nbAdoEuULZXOBAAAL","timestamp":"2024-06-12T10:46:51.624Z"}
{"level":"info","message":"User with ID: UP_nbAdoEuULZXOBAAAL joined room: 2","timestamp":"2024-06-12T10:46:51.628Z"}
{"level":"info","message":"User disconnected","timestamp":"2024-06-12T10:47:02.768Z"}
{"level":"info","message":"User connected: 3FJXYlG-Xw1aWYefAAAN","timestamp":"2024-06-12T10:47:02.976Z"}
{"level":"info","message":"User with ID: 3FJXYlG-Xw1aWYefAAAN joined room: 2","timestamp":"2024-06-12T10:47:02.980Z"}
{"level":"info","message":"Server is running on port 5000","timestamp":"2024-06-12T10:47:28.134Z"}
{"level":"info","message":"User connected: K0-vtH9Y5dvumvibAAAC","timestamp":"2024-06-12T10:47:29.270Z"}
{"level":"info","message":"User connected: 5ZJR2gEM1ekKmuvaAAAE","timestamp":"2024-06-12T10:47:29.276Z"}
{"level":"info","message":"User connected: vNECzP1fEfKQInktAAAF","timestamp":"2024-06-12T10:47:29.278Z"}
{"level":"info","message":"User disconnected","timestamp":"2024-06-12T10:47:46.701Z"}
{"level":"info","message":"User connected: -ljPP0XXlKqb-IVDAAAH","timestamp":"2024-06-12T10:47:46.899Z"}
{"level":"info","message":"User disconnected","timestamp":"2024-06-12T10:47:49.633Z"}
{"level":"info","message":"User connected: TXNQAjjVcjudhPOsAAAJ","timestamp":"2024-06-12T10:47:49.823Z"}
{"level":"info","message":"User disconnected","timestamp":"2024-06-12T10:47:55.254Z"}
{"level":"info","message":"User disconnected","timestamp":"2024-06-12T10:47:56.561Z"}
{"level":"info","message":"User connected: TsiCsLaqdte66KMiAAAL","timestamp":"2024-06-12T10:47:56.754Z"}
{"level":"info","message":"User connected: xNvMSI5w2j-oau1QAAAN","timestamp":"2024-06-12T10:51:38.491Z"}
{"level":"info","message":"User disconnected","timestamp":"2024-06-12T10:54:00.776Z"}
{"level":"info","message":"User connected: GxxRhLWVVIbyG_3WAAAP","timestamp":"2024-06-12T10:54:00.781Z"}
{"level":"info","message":"User disconnected","timestamp":"2024-06-12T10:54:00.797Z"}
{"level":"info","message":"User disconnected","timestamp":"2024-06-12T10:54:00.799Z"}
{"level":"info","message":"User connected: sNUwMNtqCJuokdrvAAAS","timestamp":"2024-06-12T10:54:00.804Z"}
{"level":"info","message":"User connected: AP1LYjL6a8OwsHXEAAAT","timestamp":"2024-06-12T10:54:00.807Z"}
{"level":"info","message":"User disconnected","timestamp":"2024-06-12T10:54:02.280Z"}
{"level":"info","message":"User connected: kxymeknMuC_0FII7AAAV","timestamp":"2024-06-12T10:54:02.286Z"}
{"level":"info","message":"User disconnected","timestamp":"2024-06-12T10:54:02.303Z"}
{"level":"info","message":"User connected: ObCr9zv0ua9VY79GAAAX","timestamp":"2024-06-12T10:54:02.309Z"}
{"level":"info","message":"User disconnected","timestamp":"2024-06-12T10:54:02.329Z"}
{"level":"info","message":"User connected: vLItTXGwKGpRBvpvAAAZ","timestamp":"2024-06-12T10:54:02.334Z"}
{"level":"info","message":"User disconnected","timestamp":"2024-06-12T10:54:17.201Z"}
{"level":"info","message":"User disconnected","timestamp":"2024-06-12T10:54:17.204Z"}
{"level":"info","message":"User connected: HbmhWZ0FrRriLcZsAAAc","timestamp":"2024-06-12T10:54:17.207Z"}
{"level":"info","message":"User disconnected","timestamp":"2024-06-12T10:54:17.208Z"}
{"level":"info","message":"User connected: n4PcvJfJk15BQMnRAAAe","timestamp":"2024-06-12T10:54:17.211Z"}
{"level":"info","message":"User connected: FV5HJDXcyDIpZ6gVAAAf","timestamp":"2024-06-12T10:54:17.214Z"}
{"level":"info","message":"User disconnected","timestamp":"2024-06-12T10:54:21.125Z"}
{"level":"info","message":"User connected: Woy6JXYPygHlxppSAAAh","timestamp":"2024-06-12T10:54:21.129Z"}
{"level":"info","message":"User disconnected","timestamp":"2024-06-12T10:54:21.138Z"}
{"level":"info","message":"User connected: zlT7PHTP8gdOwfvJAAAj","timestamp":"2024-06-12T10:54:21.143Z"}
{"level":"info","message":"User disconnected","timestamp":"2024-06-12T10:54:21.152Z"}
{"level":"info","message":"User connected: Jux602x9_XKXBDLXAAAl","timestamp":"2024-06-12T10:54:21.157Z"}
{"level":"info","message":"User disconnected","timestamp":"2024-06-12T10:54:22.761Z"}
{"level":"info","message":"User connected: SCXpoJog2ue0RUaCAAAn","timestamp":"2024-06-12T10:54:22.768Z"}
{"level":"info","message":"User disconnected","timestamp":"2024-06-12T10:54:22.771Z"}
{"level":"info","message":"User disconnected","timestamp":"2024-06-12T10:54:22.774Z"}
{"level":"info","message":"User connected: xCiB8fvb9TRQHLF5AAAq","timestamp":"2024-06-12T10:54:22.780Z"}
{"level":"info","message":"User connected: 55bOjPXnOyHwZQ0ZAAAr","timestamp":"2024-06-12T10:54:22.783Z"}
{"level":"info","message":"Server is running on port 5000","timestamp":"2024-06-12T10:56:49.189Z"}
{"level":"info","message":"User connected: DHmtDVeJFiaxwa-hAAAC","timestamp":"2024-06-12T10:56:50.271Z"}
{"level":"info","message":"User connected: S03yWGvks3K-303LAAAE","timestamp":"2024-06-12T10:56:50.277Z"}
{"level":"info","message":"User connected: h8uQ8gZAc7TLr2Q6AAAF","timestamp":"2024-06-12T10:56:50.286Z"}
{"level":"info","message":"User disconnected","timestamp":"2024-06-12T10:56:53.739Z"}
{"level":"info","message":"User connected: vcEZyuzx8pqR7A2YAAAH","timestamp":"2024-06-12T10:56:54.035Z"}
{"level":"info","message":"User disconnected","timestamp":"2024-06-12T10:57:19.953Z"}
{"level":"info","message":"User connected: wH5cUrB-0sUUm6PEAAAJ","timestamp":"2024-06-12T10:57:20.148Z"}
{"level":"info","message":"User disconnected","timestamp":"2024-06-12T10:57:22.772Z"}
{"level":"info","message":"User connected: fdpZlzZRjJH4NcIfAAAL","timestamp":"2024-06-12T10:57:23.029Z"}
{"level":"info","message":"User disconnected","timestamp":"2024-06-12T11:02:02.355Z"}
{"level":"info","message":"User connected: AjdMoC00XFj3JDPTAAAN","timestamp":"2024-06-12T11:02:02.364Z"}
{"level":"info","message":"User disconnected","timestamp":"2024-06-12T11:02:02.382Z"}
{"level":"info","message":"User connected: tn4k4qrfq7LkoEEqAAAP","timestamp":"2024-06-12T11:02:02.391Z"}
{"level":"info","message":"User disconnected","timestamp":"2024-06-12T11:02:02.409Z"}
{"level":"info","message":"User connected: M88kdQhS-9aH0dtwAAAR","timestamp":"2024-06-12T11:02:02.419Z"}
{"level":"info","message":"User disconnected","timestamp":"2024-06-12T11:02:47.786Z"}
{"level":"info","message":"User connected: vlqZZhL8KxtyORzcAAAT","timestamp":"2024-06-12T11:02:48.056Z"}
{"level":"info","message":"User disconnected","timestamp":"2024-06-12T11:02:49.558Z"}
{"level":"info","message":"User connected: eL8o2v6nLpzQNZTyAAAV","timestamp":"2024-06-12T11:02:49.770Z"}
{"level":"info","message":"User disconnected","timestamp":"2024-06-12T11:02:53.978Z"}
{"level":"info","message":"User connected: dI29fzFNRMxs9oWsAAAX","timestamp":"2024-06-12T11:02:54.217Z"}
{"level":"info","message":"User disconnected","timestamp":"2024-06-12T11:02:56.509Z"}
{"level":"info","message":"User connected: DgOE8ov9uIWcBJ1dAAAZ","timestamp":"2024-06-12T11:02:56.692Z"}
{"level":"info","message":"Server is running on port 5000","timestamp":"2024-06-12T11:10:27.490Z"}
{"level":"info","message":"User connected: RmEwYpUbxr7LS2bwAAAC","timestamp":"2024-06-12T11:10:28.272Z"}
{"level":"info","message":"User connected: BUTPtTYU4Cf33aVBAAAE","timestamp":"2024-06-12T11:10:28.286Z"}
{"level":"info","message":"User connected: nv4dpcvMepNd6FcjAAAF","timestamp":"2024-06-12T11:10:28.288Z"}
{"level":"info","message":"User disconnected","timestamp":"2024-06-12T11:10:47.030Z"}
{"level":"info","message":"User disconnected","timestamp":"2024-06-12T11:10:47.034Z"}
{"level":"info","message":"User connected: 2ikK3Hz_V1Sr49SrAAAI","timestamp":"2024-06-12T11:10:47.042Z"}
{"level":"info","message":"User connected: 65y9hqYlYXqPHEPsAAAJ","timestamp":"2024-06-12T11:10:47.045Z"}
{"level":"info","message":"User disconnected","timestamp":"2024-06-12T11:10:47.062Z"}
{"level":"info","message":"User connected: ePftqTIjIP7mAr0iAAAL","timestamp":"2024-06-12T11:10:47.068Z"}
{"level":"info","message":"User disconnected","timestamp":"2024-06-12T11:11:20.506Z"}
{"level":"info","message":"User connected: 6X328OVQz3HdvaTJAAAN","timestamp":"2024-06-12T11:11:28.723Z"}
{"level":"info","message":"User connected: BDxttVeBst3fGFvsAAAP","timestamp":"2024-06-12T11:11:40.954Z"}
{"level":"info","message":"User disconnected","timestamp":"2024-06-12T11:13:08.644Z"}
{"level":"info","message":"User connected: Z-CP6-ZxCOy0ELxPAAAR","timestamp":"2024-06-12T11:13:08.653Z"}
{"level":"info","message":"User disconnected","timestamp":"2024-06-12T11:13:08.665Z"}
{"level":"info","message":"User connected: AnmOWWqu1ggRqg4zAAAT","timestamp":"2024-06-12T11:13:08.674Z"}
{"level":"info","message":"User disconnected","timestamp":"2024-06-12T11:13:08.688Z"}
{"level":"info","message":"User connected: 40MhfhieeeA49pdxAAAV","timestamp":"2024-06-12T11:13:08.693Z"}
{"level":"info","message":"User disconnected","timestamp":"2024-06-12T11:13:08.698Z"}
{"level":"info","message":"User connected: VTeBdiNFt6DaxX2WAAAX","timestamp":"2024-06-12T11:13:08.710Z"}
{"level":"info","message":"User disconnected","timestamp":"2024-06-12T11:13:17.134Z"}
{"level":"info","message":"User connected: T1UUnoni-uFB_U5DAAAZ","timestamp":"2024-06-12T11:13:17.339Z"}
{"level":"info","message":"User disconnected","timestamp":"2024-06-12T11:13:18.866Z"}
{"level":"info","message":"User connected: ub39pMBLmSIe7fCvAAAb","timestamp":"2024-06-12T11:13:19.121Z"}
{"level":"info","message":"User disconnected","timestamp":"2024-06-12T11:15:47.135Z"}
{"level":"info","message":"User connected: aFMJb_D89Rm5NQ4sAAAd","timestamp":"2024-06-12T11:15:47.139Z"}
{"level":"info","message":"User disconnected","timestamp":"2024-06-12T11:15:47.150Z"}
{"level":"info","message":"User connected: TUhnmWWyyqIMdfGcAAAf","timestamp":"2024-06-12T11:15:47.156Z"}
{"level":"info","message":"User disconnected","timestamp":"2024-06-12T11:15:47.176Z"}
{"level":"info","message":"User connected: FyLayC9fqz7dkjyFAAAh","timestamp":"2024-06-12T11:15:47.182Z"}
{"level":"info","message":"User disconnected","timestamp":"2024-06-12T11:15:47.194Z"}
{"level":"info","message":"User connected: 6KvfCKD81ujAe0GoAAAj","timestamp":"2024-06-12T11:15:47.199Z"}
{"level":"info","message":"User disconnected","timestamp":"2024-06-12T11:15:52.070Z"}
{"level":"info","message":"User connected: 7CM7wxnMv5iDkmQnAAAl","timestamp":"2024-06-12T11:15:52.078Z"}
{"level":"info","message":"User disconnected","timestamp":"2024-06-12T11:15:52.089Z"}
{"level":"info","message":"User connected: jrdURWViOrXKW06NAAAn","timestamp":"2024-06-12T11:15:52.094Z"}
{"level":"info","message":"User disconnected","timestamp":"2024-06-12T11:15:52.106Z"}
{"level":"info","message":"User connected: WwSuRGVEw2Wkp2AEAAAp","timestamp":"2024-06-12T11:15:52.116Z"}
{"level":"info","message":"User disconnected","timestamp":"2024-06-12T11:15:52.154Z"}
{"level":"info","message":"User connected: islvwXn1qDVDwNEnAAAr","timestamp":"2024-06-12T11:15:52.162Z"}
{"level":"info","message":"User disconnected","timestamp":"2024-06-12T11:16:05.231Z"}
{"level":"info","message":"User connected: 4VrVat_MPKHs0pyRAAAt","timestamp":"2024-06-12T11:16:05.240Z"}
{"level":"info","message":"User disconnected","timestamp":"2024-06-12T11:16:05.250Z"}
{"level":"info","message":"User connected: LtLlAwE7v3jYITq2AAAv","timestamp":"2024-06-12T11:16:05.258Z"}
{"level":"info","message":"User disconnected","timestamp":"2024-06-12T11:16:05.277Z"}
{"level":"info","message":"User connected: ZQNXMf8Fz1IF5gObAAAx","timestamp":"2024-06-12T11:16:05.284Z"}
{"level":"info","message":"User disconnected","timestamp":"2024-06-12T11:16:05.295Z"}
{"level":"info","message":"User connected: xSUecCmuNdchU98MAAAz","timestamp":"2024-06-12T11:16:05.299Z"}
{"level":"info","message":"User disconnected","timestamp":"2024-06-12T11:16:28.889Z"}
{"level":"info","message":"User connected: eaVL37Z0e-C6-ow1AAA1","timestamp":"2024-06-12T11:16:28.895Z"}
{"level":"info","message":"User disconnected","timestamp":"2024-06-12T11:16:28.910Z"}
{"level":"info","message":"User connected: 46Xc7zQMF6S7DOKoAAA3","timestamp":"2024-06-12T11:16:28.916Z"}
{"level":"info","message":"User disconnected","timestamp":"2024-06-12T11:16:28.936Z"}
{"level":"info","message":"User connected: o-6BfQ4vBlZ2fAqwAAA5","timestamp":"2024-06-12T11:16:28.942Z"}
{"level":"info","message":"User disconnected","timestamp":"2024-06-12T11:16:28.952Z"}
{"level":"info","message":"User connected: nCu-8ahZdFcmL7pQAAA7","timestamp":"2024-06-12T11:16:28.958Z"}
{"level":"info","message":"User disconnected","timestamp":"2024-06-12T11:16:56.779Z"}
{"level":"info","message":"User disconnected","timestamp":"2024-06-12T11:16:56.788Z"}
{"level":"info","message":"User connected: zEzPNSb3FbqhsKEGAAA-","timestamp":"2024-06-12T11:16:56.793Z"}
{"level":"info","message":"User connected: ek56o6c2MXKtcA4KAAA_","timestamp":"2024-06-12T11:16:56.797Z"}
{"level":"info","message":"User disconnected","timestamp":"2024-06-12T11:16:56.800Z"}
{"level":"info","message":"User connected: Ia3AKQY4sn9BmN2JAABB","timestamp":"2024-06-12T11:16:56.811Z"}
{"level":"info","message":"User disconnected","timestamp":"2024-06-12T11:16:56.824Z"}
{"level":"info","message":"User connected: Ul7AjXS2R2S947RNAABD","timestamp":"2024-06-12T11:16:56.832Z"}
{"level":"info","message":"User disconnected","timestamp":"2024-06-12T11:19:12.531Z"}
{"level":"info","message":"Server is running on port 5000","timestamp":"2024-06-12T11:21:20.818Z"}
{"level":"info","message":"User connected: _-_dyPTCO7BWgYVOAAAB","timestamp":"2024-06-12T11:24:35.791Z"}
{"level":"info","message":"User connected: VpiSJomvdNOJj2pUAAAD","timestamp":"2024-06-12T11:24:57.415Z"}
{"level":"info","message":"User disconnected","timestamp":"2024-06-12T11:25:38.711Z"}
{"level":"info","message":"User disconnected","timestamp":"2024-06-12T11:27:05.363Z"}
{"level":"info","message":"User connected: VatuUBnhsmQAjJvZAAAF","timestamp":"2024-06-12T11:28:40.457Z"}
{"level":"info","message":"User disconnected","timestamp":"2024-06-12T11:35:51.019Z"}
{"level":"info","message":"Server is running on port 5000","timestamp":"2024-06-12T15:50:43.769Z"}
{"level":"info","message":"Server is running on port 5000","timestamp":"2024-06-12T15:55:50.020Z"}
{"level":"info","message":"User connected: pZJLzBvGY-Wf9UPvAAAC","timestamp":"2024-06-12T15:55:54.390Z"}
{"level":"info","message":"User connected: 5bodDmVufxgZADu4AAAD","timestamp":"2024-06-12T15:55:54.394Z"}
{"level":"info","message":"Server is running on port 5000","timestamp":"2024-06-13T01:47:12.155Z"}
